<?xml version="1.0" encoding="UTF-8"?>
<testng-results ignored="0" total="4" passed="4" failed="0" skipped="0">
  <reporter-output>
  </reporter-output>
  <suite started-at="2022-11-12T14:10:05 AEDT" name="Default suite" finished-at="2022-11-12T14:10:07 AEDT" duration-ms="1295">
    <groups>
      <group name="cucumber">
        <method signature="AbstractTestNGCucumberTests.runScenario(io.cucumber.testng.PickleWrapper,io.cucumber.testng.FeatureWrapper)[pri:0, instance:TestRunners.TYrun@433defed]" name="runScenario" class="io.cucumber.testng.AbstractTestNGCucumberTests"/>
      </group> <!-- cucumber -->
    </groups>
    <test started-at="2022-11-12T14:10:05 AEDT" name="Default test" finished-at="2022-11-12T14:10:07 AEDT" duration-ms="1295">
      <class name="TestRunners.TYrun">
        <test-method is-config="true" signature="setUpClass(org.testng.ITestContext)[pri:0, instance:TestRunners.TYrun@433defed]" started-at="2022-11-12T14:10:05 AEDT" name="setUpClass" finished-at="2022-11-12T14:10:06 AEDT" duration-ms="709" status="PASS">
          <params>
            <param index="0">
              <value>
                <![CDATA[org.testng.TestRunner@6edf29c1]]>
              </value>
            </param>
          </params>
          <reporter-output>
          </reporter-output>
        </test-method> <!-- setUpClass -->
        <test-method signature="runScenario(io.cucumber.testng.PickleWrapper,io.cucumber.testng.FeatureWrapper)[pri:0, instance:TestRunners.TYrun@433defed]" started-at="2022-11-12T14:10:06 AEDT" name="runScenario" description="Runs Cucumber Scenarios" data-provider="scenarios" finished-at="2022-11-12T14:10:06 AEDT" duration-ms="151" status="PASS">
          <params>
            <param index="0">
              <value>
                <![CDATA["Youtube Search"]]>
              </value>
            </param>
            <param index="1">
              <value>
                <![CDATA["Open Youtube and search Cucumber contents"]]>
              </value>
            </param>
          </params>
          <reporter-output>
          </reporter-output>
        </test-method> <!-- runScenario -->
        <test-method signature="runScenario(io.cucumber.testng.PickleWrapper,io.cucumber.testng.FeatureWrapper)[pri:0, instance:TestRunners.TYrun@433defed]" started-at="2022-11-12T14:10:06 AEDT" name="runScenario" description="Runs Cucumber Scenarios" data-provider="scenarios" finished-at="2022-11-12T14:10:06 AEDT" duration-ms="14" status="PASS">
          <params>
            <param index="0">
              <value>
                <![CDATA["Youtube Search again"]]>
              </value>
            </param>
            <param index="1">
              <value>
                <![CDATA["Open Youtube and search Cucumber contents"]]>
              </value>
            </param>
          </params>
          <reporter-output>
          </reporter-output>
        </test-method> <!-- runScenario -->
        <test-method signature="runScenario(io.cucumber.testng.PickleWrapper,io.cucumber.testng.FeatureWrapper)[pri:0, instance:TestRunners.TYrun@433defed]" started-at="2022-11-12T14:10:06 AEDT" name="runScenario" description="Runs Cucumber Scenarios" data-provider="scenarios" finished-at="2022-11-12T14:10:06 AEDT" duration-ms="11" status="PASS">
          <params>
            <param index="0">
              <value>
                <![CDATA["Youtube Search again"]]>
              </value>
            </param>
            <param index="1">
              <value>
                <![CDATA["Open Youtube and search Cucumber contents"]]>
              </value>
            </param>
          </params>
          <reporter-output>
          </reporter-output>
        </test-method> <!-- runScenario -->
        <test-method signature="runScenario(io.cucumber.testng.PickleWrapper,io.cucumber.testng.FeatureWrapper)[pri:0, instance:TestRunners.TYrun@433defed]" started-at="2022-11-12T14:10:06 AEDT" name="runScenario" description="Runs Cucumber Scenarios" data-provider="scenarios" finished-at="2022-11-12T14:10:06 AEDT" duration-ms="12" status="PASS">
          <params>
            <param index="0">
              <value>
                <![CDATA["YouTube first video name"]]>
              </value>
            </param>
            <param index="1">
              <value>
                <![CDATA["Extract Youtube very first video"]]>
              </value>
            </param>
          </params>
          <reporter-output>
          </reporter-output>
        </test-method> <!-- runScenario -->
        <test-method is-config="true" signature="tearDownClass()[pri:0, instance:TestRunners.TYrun@433defed]" started-at="2022-11-12T14:10:06 AEDT" name="tearDownClass" finished-at="2022-11-12T14:10:07 AEDT" duration-ms="334" status="PASS">
          <reporter-output>
          </reporter-output>
        </test-method> <!-- tearDownClass -->
      </class> <!-- TestRunners.TYrun -->
    </test> <!-- Default test -->
  </suite> <!-- Default suite -->
</testng-results>
